[ 2017-08-24T10:26:22+08:00 ] 127.0.0.1 /Public/Homejs/public.js
INFO: [ app_init ] --START--
INFO: Run Behavior\BuildLiteBehavior [ RunTime:0.000024s ]
INFO: [ app_init ] --END-- [ RunTime:0.000669s ]
ERR: 无法加载模块:Public

[ 2017-08-24T10:26:22+08:00 ] 127.0.0.1 /subDomain.js?_=1503541582179
INFO: [ app_init ] --START--
INFO: Run Behavior\BuildLiteBehavior [ RunTime:0.000026s ]
INFO: [ app_init ] --END-- [ RunTime:0.000723s ]
ERR: 无法加载模块:SubDomain

[ 2017-08-24T10:26:22+08:00 ] 127.0.0.1 /Public/Homejs/public.js
INFO: [ app_init ] --START--
INFO: Run Behavior\BuildLiteBehavior [ RunTime:0.000015s ]
INFO: [ app_init ] --END-- [ RunTime:0.000380s ]
ERR: 无法加载模块:Public

[ 2017-08-24T10:26:45+08:00 ] 127.0.0.1 /resource/images/b122fa90ecd441f19d8d3a4b24e80e03_3.jpg
INFO: [ app_init ] --START--
INFO: Run Behavior\BuildLiteBehavior [ RunTime:0.000023s ]
INFO: [ app_init ] --END-- [ RunTime:0.000518s ]
ERR: 无法加载模块:Resource

[ 2017-08-24T10:26:45+08:00 ] 127.0.0.1 /resource/images/b122fa90ecd441f19d8d3a4b24e80e03_41.jpg
INFO: [ app_init ] --START--
INFO: Run Behavior\BuildLiteBehavior [ RunTime:0.000022s ]
INFO: [ app_init ] --END-- [ RunTime:0.000560s ]
ERR: 无法加载模块:Resource

[ 2017-08-24T10:26:45+08:00 ] 127.0.0.1 /resource/images/b122fa90ecd441f19d8d3a4b24e80e03_23.jpg
INFO: [ app_init ] --START--
INFO: Run Behavior\BuildLiteBehavior [ RunTime:0.000022s ]
INFO: [ app_init ] --END-- [ RunTime:0.000620s ]
ERR: 无法加载模块:Resource

[ 2017-08-24T10:26:45+08:00 ] 127.0.0.1 /Public/Homejs/public.js
INFO: [ app_init ] --START--
INFO: Run Behavior\BuildLiteBehavior [ RunTime:0.000028s ]
INFO: [ app_init ] --END-- [ RunTime:0.000635s ]
ERR: 无法加载模块:Public

[ 2017-08-24T10:26:45+08:00 ] 127.0.0.1 /subDomain.js?_=1503541605748
INFO: [ app_init ] --START--
INFO: Run Behavior\BuildLiteBehavior [ RunTime:0.000021s ]
INFO: [ app_init ] --END-- [ RunTime:0.000602s ]
ERR: 无法加载模块:SubDomain

[ 2017-08-24T10:26:45+08:00 ] 127.0.0.1 /resource/images/b122fa90ecd441f19d8d3a4b24e80e03_3.jpg
INFO: [ app_init ] --START--
INFO: Run Behavior\BuildLiteBehavior [ RunTime:0.000020s ]
INFO: [ app_init ] --END-- [ RunTime:0.000515s ]
ERR: 无法加载模块:Resource

[ 2017-08-24T10:26:45+08:00 ] 127.0.0.1 /resource/images/b122fa90ecd441f19d8d3a4b24e80e03_41.jpg
INFO: [ app_init ] --START--
INFO: Run Behavior\BuildLiteBehavior [ RunTime:0.000024s ]
INFO: [ app_init ] --END-- [ RunTime:0.000669s ]
ERR: 无法加载模块:Resource

[ 2017-08-24T10:26:45+08:00 ] 127.0.0.1 /resource/images/b122fa90ecd441f19d8d3a4b24e80e03_23.jpg
INFO: [ app_init ] --START--
INFO: Run Behavior\BuildLiteBehavior [ RunTime:0.000021s ]
INFO: [ app_init ] --END-- [ RunTime:0.000530s ]
ERR: 无法加载模块:Resource

[ 2017-08-24T10:26:45+08:00 ] 127.0.0.1 /Public/Homejs/public.js
INFO: [ app_init ] --START--
INFO: Run Behavior\BuildLiteBehavior [ RunTime:0.000022s ]
INFO: [ app_init ] --END-- [ RunTime:0.000556s ]
ERR: 无法加载模块:Public

[ 2017-08-24T10:26:45+08:00 ] 127.0.0.1 /Public/Home/css/img/common/headbge.jpg
INFO: [ app_init ] --START--
INFO: Run Behavior\BuildLiteBehavior [ RunTime:0.000028s ]
INFO: [ app_init ] --END-- [ RunTime:0.003026s ]
ERR: 无法加载模块:Public

[ 2017-08-24T10:26:45+08:00 ] 127.0.0.1 /Public/Home/css/img/common/fgdh.jpg
INFO: [ app_init ] --START--
INFO: Run Behavior\BuildLiteBehavior [ RunTime:0.000020s ]
INFO: [ app_init ] --END-- [ RunTime:0.000530s ]
ERR: 无法加载模块:Public

[ 2017-08-24T10:26:45+08:00 ] 127.0.0.1 /Public/Home/css/img/common/tel.jpg
INFO: [ app_init ] --START--
INFO: Run Behavior\BuildLiteBehavior [ RunTime:0.000019s ]
INFO: [ app_init ] --END-- [ RunTime:0.000509s ]
ERR: 无法加载模块:Public

[ 2017-08-24T10:26:45+08:00 ] 127.0.0.1 /Public/Home/css/images/fx.png
INFO: [ app_init ] --START--
INFO: Run Behavior\BuildLiteBehavior [ RunTime:0.000016s ]
INFO: [ app_init ] --END-- [ RunTime:0.000377s ]
ERR: 无法加载模块:Public

[ 2017-08-24T10:26:45+08:00 ] 127.0.0.1 /Public/Home/css/images/VISkins-p4.png
INFO: [ app_init ] --START--
INFO: Run Behavior\BuildLiteBehavior [ RunTime:0.000016s ]
INFO: [ app_init ] --END-- [ RunTime:0.000383s ]
ERR: 无法加载模块:Public

[ 2017-08-24T10:26:56+08:00 ] 127.0.0.1 /resource/images/b122fa90ecd441f19d8d3a4b24e80e03_41.jpg
INFO: [ app_init ] --START--
INFO: Run Behavior\BuildLiteBehavior [ RunTime:0.000024s ]
INFO: [ app_init ] --END-- [ RunTime:0.000539s ]
ERR: 无法加载模块:Resource

[ 2017-08-24T10:26:56+08:00 ] 127.0.0.1 /resource/images/b122fa90ecd441f19d8d3a4b24e80e03_3.jpg
INFO: [ app_init ] --START--
INFO: Run Behavior\BuildLiteBehavior [ RunTime:0.000020s ]
INFO: [ app_init ] --END-- [ RunTime:0.000549s ]
ERR: 无法加载模块:Resource

[ 2017-08-24T10:26:56+08:00 ] 127.0.0.1 /resource/images/b122fa90ecd441f19d8d3a4b24e80e03_23.jpg
INFO: [ app_init ] --START--
INFO: Run Behavior\BuildLiteBehavior [ RunTime:0.000016s ]
INFO: [ app_init ] --END-- [ RunTime:0.000492s ]
ERR: 无法加载模块:Resource

[ 2017-08-24T10:26:56+08:00 ] 127.0.0.1 /subDomain.js?_=1503541616678
INFO: [ app_init ] --START--
INFO: Run Behavior\BuildLiteBehavior [ RunTime:0.000021s ]
INFO: [ app_init ] --END-- [ RunTime:0.000528s ]
ERR: 无法加载模块:SubDomain

[ 2017-08-24T10:26:56+08:00 ] 127.0.0.1 /resource/images/b122fa90ecd441f19d8d3a4b24e80e03_3.jpg
INFO: [ app_init ] --START--
INFO: Run Behavior\BuildLiteBehavior [ RunTime:0.000018s ]
INFO: [ app_init ] --END-- [ RunTime:0.000500s ]
ERR: 无法加载模块:Resource

[ 2017-08-24T10:26:56+08:00 ] 127.0.0.1 /resource/images/b122fa90ecd441f19d8d3a4b24e80e03_41.jpg
INFO: [ app_init ] --START--
INFO: Run Behavior\BuildLiteBehavior [ RunTime:0.000022s ]
INFO: [ app_init ] --END-- [ RunTime:0.000530s ]
ERR: 无法加载模块:Resource

[ 2017-08-24T10:26:56+08:00 ] 127.0.0.1 /resource/images/b122fa90ecd441f19d8d3a4b24e80e03_23.jpg
INFO: [ app_init ] --START--
INFO: Run Behavior\BuildLiteBehavior [ RunTime:0.000028s ]
INFO: [ app_init ] --END-- [ RunTime:0.001678s ]
ERR: 无法加载模块:Resource

[ 2017-08-24T10:26:56+08:00 ] 127.0.0.1 /Public/Home/css/img/common/tel.jpg
INFO: [ app_init ] --START--
INFO: Run Behavior\BuildLiteBehavior [ RunTime:0.000022s ]
INFO: [ app_init ] --END-- [ RunTime:0.000870s ]
ERR: 无法加载模块:Public

[ 2017-08-24T10:26:56+08:00 ] 127.0.0.1 /Public/Home/css/img/common/fgdh.jpg
INFO: [ app_init ] --START--
INFO: Run Behavior\BuildLiteBehavior [ RunTime:0.000021s ]
INFO: [ app_init ] --END-- [ RunTime:0.000610s ]
ERR: 无法加载模块:Public

[ 2017-08-24T10:26:56+08:00 ] 127.0.0.1 /Public/Home/css/img/common/headbge.jpg
INFO: [ app_init ] --START--
INFO: Run Behavior\BuildLiteBehavior [ RunTime:0.000022s ]
INFO: [ app_init ] --END-- [ RunTime:0.000544s ]
ERR: 无法加载模块:Public

[ 2017-08-24T10:26:56+08:00 ] 127.0.0.1 /Public/Home/css/images/VISkins-p4.png
INFO: [ app_init ] --START--
INFO: Run Behavior\BuildLiteBehavior [ RunTime:0.000025s ]
INFO: [ app_init ] --END-- [ RunTime:0.000589s ]
ERR: 无法加载模块:Public

[ 2017-08-24T10:26:56+08:00 ] 127.0.0.1 /Public/Home/css/images/fx.png
INFO: [ app_init ] --START--
INFO: Run Behavior\BuildLiteBehavior [ RunTime:0.000023s ]
INFO: [ app_init ] --END-- [ RunTime:0.000688s ]
ERR: 无法加载模块:Public

[ 2017-08-24T10:32:16+08:00 ] 127.0.0.1 /resource/images/b122fa90ecd441f19d8d3a4b24e80e03_23.jpg
INFO: [ app_init ] --START--
INFO: Run Behavior\BuildLiteBehavior [ RunTime:0.000023s ]
INFO: [ app_init ] --END-- [ RunTime:0.000541s ]
ERR: 无法加载模块:Resource

[ 2017-08-24T10:32:16+08:00 ] 127.0.0.1 /resource/images/b122fa90ecd441f19d8d3a4b24e80e03_41.jpg
INFO: [ app_init ] --START--
INFO: Run Behavior\BuildLiteBehavior [ RunTime:0.000022s ]
INFO: [ app_init ] --END-- [ RunTime:0.000557s ]
ERR: 无法加载模块:Resource

[ 2017-08-24T10:32:16+08:00 ] 127.0.0.1 /resource/images/b122fa90ecd441f19d8d3a4b24e80e03_3.jpg
INFO: [ app_init ] --START--
INFO: Run Behavior\BuildLiteBehavior [ RunTime:0.000020s ]
INFO: [ app_init ] --END-- [ RunTime:0.000644s ]
ERR: 无法加载模块:Resource

[ 2017-08-24T10:32:16+08:00 ] 127.0.0.1 /Public/Homejs/public.js
INFO: [ app_init ] --START--
INFO: Run Behavior\BuildLiteBehavior [ RunTime:0.000025s ]
INFO: [ app_init ] --END-- [ RunTime:0.000675s ]
ERR: 无法加载模块:Public

[ 2017-08-24T10:32:16+08:00 ] 127.0.0.1 /subDomain.js?_=1503541936519
INFO: [ app_init ] --START--
INFO: Run Behavior\BuildLiteBehavior [ RunTime:0.000024s ]
INFO: [ app_init ] --END-- [ RunTime:0.004745s ]
ERR: 无法加载模块:SubDomain

[ 2017-08-24T10:32:16+08:00 ] 127.0.0.1 /resource/images/b122fa90ecd441f19d8d3a4b24e80e03_3.jpg
INFO: [ app_init ] --START--
INFO: Run Behavior\BuildLiteBehavior [ RunTime:0.000021s ]
INFO: [ app_init ] --END-- [ RunTime:0.000590s ]
ERR: 无法加载模块:Resource

[ 2017-08-24T10:32:16+08:00 ] 127.0.0.1 /resource/images/b122fa90ecd441f19d8d3a4b24e80e03_41.jpg
INFO: [ app_init ] --START--
INFO: Run Behavior\BuildLiteBehavior [ RunTime:0.000022s ]
INFO: [ app_init ] --END-- [ RunTime:0.002383s ]
ERR: 无法加载模块:Resource

[ 2017-08-24T10:32:16+08:00 ] 127.0.0.1 /resource/images/b122fa90ecd441f19d8d3a4b24e80e03_23.jpg
INFO: [ app_init ] --START--
INFO: Run Behavior\BuildLiteBehavior [ RunTime:0.000019s ]
INFO: [ app_init ] --END-- [ RunTime:0.000503s ]
ERR: 无法加载模块:Resource

[ 2017-08-24T10:32:16+08:00 ] 127.0.0.1 /Public/Homejs/public.js
INFO: [ app_init ] --START--
INFO: Run Behavior\BuildLiteBehavior [ RunTime:0.000022s ]
INFO: [ app_init ] --END-- [ RunTime:0.000533s ]
ERR: 无法加载模块:Public

[ 2017-08-24T10:32:16+08:00 ] 127.0.0.1 /Public/Home/css/img/common/headbge.jpg
INFO: [ app_init ] --START--
INFO: Run Behavior\BuildLiteBehavior [ RunTime:0.000020s ]
INFO: [ app_init ] --END-- [ RunTime:0.000521s ]
ERR: 无法加载模块:Public

[ 2017-08-24T10:32:16+08:00 ] 127.0.0.1 /Public/Home/css/img/common/tel.jpg
INFO: [ app_init ] --START--
INFO: Run Behavior\BuildLiteBehavior [ RunTime:0.000058s ]
INFO: [ app_init ] --END-- [ RunTime:0.001480s ]
ERR: 无法加载模块:Public

[ 2017-08-24T10:32:16+08:00 ] 127.0.0.1 /Public/Home/css/img/common/fgdh.jpg
INFO: [ app_init ] --START--
INFO: Run Behavior\BuildLiteBehavior [ RunTime:0.000034s ]
INFO: [ app_init ] --END-- [ RunTime:0.000595s ]
ERR: 无法加载模块:Public

[ 2017-08-24T10:32:16+08:00 ] 127.0.0.1 /Public/Home/css/images/fx.png
INFO: [ app_init ] --START--
INFO: Run Behavior\BuildLiteBehavior [ RunTime:0.000022s ]
INFO: [ app_init ] --END-- [ RunTime:0.000529s ]
ERR: 无法加载模块:Public

[ 2017-08-24T10:32:16+08:00 ] 127.0.0.1 /Public/Home/css/images/VISkins-p4.png
INFO: [ app_init ] --START--
INFO: Run Behavior\BuildLiteBehavior [ RunTime:0.000020s ]
INFO: [ app_init ] --END-- [ RunTime:0.000532s ]
ERR: 无法加载模块:Public

[ 2017-08-24T10:36:31+08:00 ] 127.0.0.1 /resource/images/b122fa90ecd441f19d8d3a4b24e80e03_3.jpg
INFO: [ app_init ] --START--
INFO: Run Behavior\BuildLiteBehavior [ RunTime:0.000022s ]
INFO: [ app_init ] --END-- [ RunTime:0.000519s ]
ERR: 无法加载模块:Resource

[ 2017-08-24T10:36:31+08:00 ] 127.0.0.1 /resource/images/b122fa90ecd441f19d8d3a4b24e80e03_41.jpg
INFO: [ app_init ] --START--
INFO: Run Behavior\BuildLiteBehavior [ RunTime:0.000019s ]
INFO: [ app_init ] --END-- [ RunTime:0.000514s ]
ERR: 无法加载模块:Resource

[ 2017-08-24T10:36:31+08:00 ] 127.0.0.1 /resource/images/b122fa90ecd441f19d8d3a4b24e80e03_23.jpg
INFO: [ app_init ] --START--
INFO: Run Behavior\BuildLiteBehavior [ RunTime:0.000022s ]
INFO: [ app_init ] --END-- [ RunTime:0.000528s ]
ERR: 无法加载模块:Resource

[ 2017-08-24T10:36:31+08:00 ] 127.0.0.1 /Public/Homejs/public.js
INFO: [ app_init ] --START--
INFO: Run Behavior\BuildLiteBehavior [ RunTime:0.000021s ]
INFO: [ app_init ] --END-- [ RunTime:0.000429s ]
ERR: 无法加载模块:Public

[ 2017-08-24T10:36:31+08:00 ] 127.0.0.1 /subDomain.js?_=1503542191295
INFO: [ app_init ] --START--
INFO: Run Behavior\BuildLiteBehavior [ RunTime:0.000025s ]
INFO: [ app_init ] --END-- [ RunTime:0.000573s ]
ERR: 无法加载模块:SubDomain

[ 2017-08-24T10:36:31+08:00 ] 127.0.0.1 /resource/images/b122fa90ecd441f19d8d3a4b24e80e03_3.jpg
INFO: [ app_init ] --START--
INFO: Run Behavior\BuildLiteBehavior [ RunTime:0.000022s ]
INFO: [ app_init ] --END-- [ RunTime:0.000524s ]
ERR: 无法加载模块:Resource

[ 2017-08-24T10:36:31+08:00 ] 127.0.0.1 /resource/images/b122fa90ecd441f19d8d3a4b24e80e03_41.jpg
INFO: [ app_init ] --START--
INFO: Run Behavior\BuildLiteBehavior [ RunTime:0.000023s ]
INFO: [ app_init ] --END-- [ RunTime:0.000539s ]
ERR: 无法加载模块:Resource

[ 2017-08-24T10:36:31+08:00 ] 127.0.0.1 /resource/images/b122fa90ecd441f19d8d3a4b24e80e03_23.jpg
INFO: [ app_init ] --START--
INFO: Run Behavior\BuildLiteBehavior [ RunTime:0.000022s ]
INFO: [ app_init ] --END-- [ RunTime:0.000529s ]
ERR: 无法加载模块:Resource

[ 2017-08-24T10:36:31+08:00 ] 127.0.0.1 /Public/Homejs/public.js
INFO: [ app_init ] --START--
INFO: Run Behavior\BuildLiteBehavior [ RunTime:0.000021s ]
INFO: [ app_init ] --END-- [ RunTime:0.000523s ]
ERR: 无法加载模块:Public

[ 2017-08-24T10:36:31+08:00 ] 127.0.0.1 /Public/Home/css/img/common/headbge.jpg
INFO: [ app_init ] --START--
INFO: Run Behavior\BuildLiteBehavior [ RunTime:0.000021s ]
INFO: [ app_init ] --END-- [ RunTime:0.000518s ]
ERR: 无法加载模块:Public

[ 2017-08-24T10:36:31+08:00 ] 127.0.0.1 /Public/Home/css/img/common/fgdh.jpg
INFO: [ app_init ] --START--
INFO: Run Behavior\BuildLiteBehavior [ RunTime:0.000023s ]
INFO: [ app_init ] --END-- [ RunTime:0.000843s ]
ERR: 无法加载模块:Public

[ 2017-08-24T10:36:31+08:00 ] 127.0.0.1 /Public/Home/css/img/common/tel.jpg
INFO: [ app_init ] --START--
INFO: Run Behavior\BuildLiteBehavior [ RunTime:0.000021s ]
INFO: [ app_init ] --END-- [ RunTime:0.000512s ]
ERR: 无法加载模块:Public

[ 2017-08-24T10:36:31+08:00 ] 127.0.0.1 /Public/Home/css/images/VISkins-p4.png
INFO: [ app_init ] --START--
INFO: Run Behavior\BuildLiteBehavior [ RunTime:0.000016s ]
INFO: [ app_init ] --END-- [ RunTime:0.000471s ]
ERR: 无法加载模块:Public

[ 2017-08-24T10:36:31+08:00 ] 127.0.0.1 /Public/Home/css/images/fx.png
INFO: [ app_init ] --START--
INFO: Run Behavior\BuildLiteBehavior [ RunTime:0.000024s ]
INFO: [ app_init ] --END-- [ RunTime:0.000624s ]
ERR: 无法加载模块:Public

[ 2017-08-24T10:36:36+08:00 ] 127.0.0.1 /resource/images/b122fa90ecd441f19d8d3a4b24e80e03_41.jpg
INFO: [ app_init ] --START--
INFO: Run Behavior\BuildLiteBehavior [ RunTime:0.000021s ]
INFO: [ app_init ] --END-- [ RunTime:0.000552s ]
ERR: 无法加载模块:Resource

[ 2017-08-24T10:36:36+08:00 ] 127.0.0.1 /resource/images/b122fa90ecd441f19d8d3a4b24e80e03_23.jpg
INFO: [ app_init ] --START--
INFO: Run Behavior\BuildLiteBehavior [ RunTime:0.000020s ]
INFO: [ app_init ] --END-- [ RunTime:0.000592s ]
ERR: 无法加载模块:Resource

[ 2017-08-24T10:36:36+08:00 ] 127.0.0.1 /resource/images/b122fa90ecd441f19d8d3a4b24e80e03_3.jpg
INFO: [ app_init ] --START--
INFO: Run Behavior\BuildLiteBehavior [ RunTime:0.000026s ]
INFO: [ app_init ] --END-- [ RunTime:0.000606s ]
ERR: 无法加载模块:Resource

[ 2017-08-24T10:36:36+08:00 ] 127.0.0.1 /resource/images/b122fa90ecd441f19d8d3a4b24e80e03_41.jpg
INFO: [ app_init ] --START--
INFO: Run Behavior\BuildLiteBehavior [ RunTime:0.000023s ]
INFO: [ app_init ] --END-- [ RunTime:0.000537s ]
ERR: 无法加载模块:Resource

[ 2017-08-24T10:36:36+08:00 ] 127.0.0.1 /resource/images/b122fa90ecd441f19d8d3a4b24e80e03_3.jpg
INFO: [ app_init ] --START--
INFO: Run Behavior\BuildLiteBehavior [ RunTime:0.000018s ]
INFO: [ app_init ] --END-- [ RunTime:0.000516s ]
ERR: 无法加载模块:Resource

[ 2017-08-24T10:36:36+08:00 ] 127.0.0.1 /subDomain.js?_=1503542196795
INFO: [ app_init ] --START--
INFO: Run Behavior\BuildLiteBehavior [ RunTime:0.000019s ]
INFO: [ app_init ] --END-- [ RunTime:0.000661s ]
ERR: 无法加载模块:SubDomain

[ 2017-08-24T10:36:36+08:00 ] 127.0.0.1 /resource/images/b122fa90ecd441f19d8d3a4b24e80e03_23.jpg
INFO: [ app_init ] --START--
INFO: Run Behavior\BuildLiteBehavior [ RunTime:0.000029s ]
INFO: [ app_init ] --END-- [ RunTime:0.011619s ]
ERR: 无法加载模块:Resource

[ 2017-08-24T10:36:36+08:00 ] 127.0.0.1 /Public/Home/css/img/common/fgdh.jpg
INFO: [ app_init ] --START--
INFO: Run Behavior\BuildLiteBehavior [ RunTime:0.000023s ]
INFO: [ app_init ] --END-- [ RunTime:0.000541s ]
ERR: 无法加载模块:Public

[ 2017-08-24T10:36:36+08:00 ] 127.0.0.1 /Public/Home/css/img/common/tel.jpg
INFO: [ app_init ] --START--
INFO: Run Behavior\BuildLiteBehavior [ RunTime:0.000023s ]
INFO: [ app_init ] --END-- [ RunTime:0.000695s ]
ERR: 无法加载模块:Public

[ 2017-08-24T10:36:36+08:00 ] 127.0.0.1 /Public/Home/css/images/VISkins-p4.png
INFO: [ app_init ] --START--
INFO: Run Behavior\BuildLiteBehavior [ RunTime:0.000020s ]
INFO: [ app_init ] --END-- [ RunTime:0.000555s ]
ERR: 无法加载模块:Public

[ 2017-08-24T10:36:36+08:00 ] 127.0.0.1 /Public/Home/css/img/common/headbge.jpg
INFO: [ app_init ] --START--
INFO: Run Behavior\BuildLiteBehavior [ RunTime:0.000020s ]
INFO: [ app_init ] --END-- [ RunTime:0.000612s ]
ERR: 无法加载模块:Public

[ 2017-08-24T10:36:36+08:00 ] 127.0.0.1 /Public/Home/css/images/fx.png
INFO: [ app_init ] --START--
INFO: Run Behavior\BuildLiteBehavior [ RunTime:0.000025s ]
INFO: [ app_init ] --END-- [ RunTime:0.000497s ]
ERR: 无法加载模块:Public

[ 2017-08-24T10:36:54+08:00 ] 127.0.0.1 /resource/images/b122fa90ecd441f19d8d3a4b24e80e03_3.jpg
INFO: [ app_init ] --START--
INFO: Run Behavior\BuildLiteBehavior [ RunTime:0.000022s ]
INFO: [ app_init ] --END-- [ RunTime:0.000516s ]
ERR: 无法加载模块:Resource

[ 2017-08-24T10:36:54+08:00 ] 127.0.0.1 /resource/images/b122fa90ecd441f19d8d3a4b24e80e03_41.jpg
INFO: [ app_init ] --START--
INFO: Run Behavior\BuildLiteBehavior [ RunTime:0.000025s ]
INFO: [ app_init ] --END-- [ RunTime:0.000569s ]
ERR: 无法加载模块:Resource

[ 2017-08-24T10:36:54+08:00 ] 127.0.0.1 /resource/images/b122fa90ecd441f19d8d3a4b24e80e03_23.jpg
INFO: [ app_init ] --START--
INFO: Run Behavior\BuildLiteBehavior [ RunTime:0.000022s ]
INFO: [ app_init ] --END-- [ RunTime:0.000554s ]
ERR: 无法加载模块:Resource

[ 2017-08-24T10:36:54+08:00 ] 127.0.0.1 /Public/Homejs/public.js
INFO: [ app_init ] --START--
INFO: Run Behavior\BuildLiteBehavior [ RunTime:0.000022s ]
INFO: [ app_init ] --END-- [ RunTime:0.000435s ]
ERR: 无法加载模块:Public

[ 2017-08-24T10:36:54+08:00 ] 127.0.0.1 /resource/images/b122fa90ecd441f19d8d3a4b24e80e03_41.jpg
INFO: [ app_init ] --START--
INFO: Run Behavior\BuildLiteBehavior [ RunTime:0.000021s ]
INFO: [ app_init ] --END-- [ RunTime:0.000512s ]
ERR: 无法加载模块:Resource

[ 2017-08-24T10:36:54+08:00 ] 127.0.0.1 /subDomain.js?_=1503542214852
INFO: [ app_init ] --START--
INFO: Run Behavior\BuildLiteBehavior [ RunTime:0.000025s ]
INFO: [ app_init ] --END-- [ RunTime:0.000734s ]
ERR: 无法加载模块:SubDomain

[ 2017-08-24T10:36:54+08:00 ] 127.0.0.1 /resource/images/b122fa90ecd441f19d8d3a4b24e80e03_3.jpg
INFO: [ app_init ] --START--
INFO: Run Behavior\BuildLiteBehavior [ RunTime:0.000025s ]
INFO: [ app_init ] --END-- [ RunTime:0.000690s ]
ERR: 无法加载模块:Resource

[ 2017-08-24T10:36:54+08:00 ] 127.0.0.1 /resource/images/b122fa90ecd441f19d8d3a4b24e80e03_23.jpg
INFO: [ app_init ] --START--
INFO: Run Behavior\BuildLiteBehavior [ RunTime:0.000022s ]
INFO: [ app_init ] --END-- [ RunTime:0.000589s ]
ERR: 无法加载模块:Resource

[ 2017-08-24T10:36:54+08:00 ] 127.0.0.1 /Public/Homejs/public.js
INFO: [ app_init ] --START--
INFO: Run Behavior\BuildLiteBehavior [ RunTime:0.000023s ]
INFO: [ app_init ] --END-- [ RunTime:0.000591s ]
ERR: 无法加载模块:Public

[ 2017-08-24T10:36:54+08:00 ] 127.0.0.1 /Public/Home/css/img/common/headbge.jpg
INFO: [ app_init ] --START--
INFO: Run Behavior\BuildLiteBehavior [ RunTime:0.000018s ]
INFO: [ app_init ] --END-- [ RunTime:0.000536s ]
ERR: 无法加载模块:Public

[ 2017-08-24T10:36:54+08:00 ] 127.0.0.1 /Public/Home/css/img/common/tel.jpg
INFO: [ app_init ] --START--
INFO: Run Behavior\BuildLiteBehavior [ RunTime:0.000021s ]
INFO: [ app_init ] --END-- [ RunTime:0.000539s ]
ERR: 无法加载模块:Public

[ 2017-08-24T10:36:54+08:00 ] 127.0.0.1 /Public/Home/css/img/common/fgdh.jpg
INFO: [ app_init ] --START--
INFO: Run Behavior\BuildLiteBehavior [ RunTime:0.000025s ]
INFO: [ app_init ] --END-- [ RunTime:0.000561s ]
ERR: 无法加载模块:Public

[ 2017-08-24T10:36:54+08:00 ] 127.0.0.1 /Public/Home/css/images/VISkins-p4.png
INFO: [ app_init ] --START--
INFO: Run Behavior\BuildLiteBehavior [ RunTime:0.000018s ]
INFO: [ app_init ] --END-- [ RunTime:0.000511s ]
ERR: 无法加载模块:Public

[ 2017-08-24T10:36:54+08:00 ] 127.0.0.1 /Public/Home/css/images/fx.png
INFO: [ app_init ] --START--
INFO: Run Behavior\BuildLiteBehavior [ RunTime:0.000020s ]
INFO: [ app_init ] --END-- [ RunTime:0.000639s ]
ERR: 无法加载模块:Public

[ 2017-08-24T10:36:56+08:00 ] 127.0.0.1 /Public/Home/58ef1a7a82ce717cec00a3d5.css
INFO: [ app_init ] --START--
INFO: Run Behavior\BuildLiteBehavior [ RunTime:0.000023s ]
INFO: [ app_init ] --END-- [ RunTime:0.000548s ]
ERR: 无法加载模块:Public

[ 2017-08-24T10:36:56+08:00 ] 127.0.0.1 /Public/Homejs/public.js
INFO: [ app_init ] --START--
INFO: Run Behavior\BuildLiteBehavior [ RunTime:0.000024s ]
INFO: [ app_init ] --END-- [ RunTime:0.000573s ]
ERR: 无法加载模块:Public

[ 2017-08-24T10:36:56+08:00 ] 127.0.0.1 /resource/images/b122fa90ecd441f19d8d3a4b24e80e03_3.jpg
INFO: [ app_init ] --START--
INFO: Run Behavior\BuildLiteBehavior [ RunTime:0.000023s ]
INFO: [ app_init ] --END-- [ RunTime:0.000526s ]
ERR: 无法加载模块:Resource

[ 2017-08-24T10:36:56+08:00 ] 127.0.0.1 /resource/images/8b119ffbe26741fa8e0ec02d4f97da8b_74.jpg
INFO: [ app_init ] --START--
INFO: Run Behavior\BuildLiteBehavior [ RunTime:0.000022s ]
INFO: [ app_init ] --END-- [ RunTime:0.000554s ]
ERR: 无法加载模块:Resource

[ 2017-08-24T10:36:56+08:00 ] 127.0.0.1 /resource/images/b122fa90ecd441f19d8d3a4b24e80e03_41.jpg
INFO: [ app_init ] --START--
INFO: Run Behavior\BuildLiteBehavior [ RunTime:0.000026s ]
INFO: [ app_init ] --END-- [ RunTime:0.000720s ]
ERR: 无法加载模块:Resource

[ 2017-08-24T10:36:56+08:00 ] 127.0.0.1 /resource/images/b122fa90ecd441f19d8d3a4b24e80e03_23.jpg
INFO: [ app_init ] --START--
INFO: Run Behavior\BuildLiteBehavior [ RunTime:0.000017s ]
INFO: [ app_init ] --END-- [ RunTime:0.000481s ]
ERR: 无法加载模块:Resource

[ 2017-08-24T10:36:56+08:00 ] 127.0.0.1 /subDomain.js?_=1503542216190
INFO: [ app_init ] --START--
INFO: Run Behavior\BuildLiteBehavior [ RunTime:0.000024s ]
INFO: [ app_init ] --END-- [ RunTime:0.000568s ]
ERR: 无法加载模块:SubDomain

[ 2017-08-24T10:36:56+08:00 ] 127.0.0.1 /Public/Home/58ef1a7a82ce717cec00a3d5.css
INFO: [ app_init ] --START--
INFO: Run Behavior\BuildLiteBehavior [ RunTime:0.000018s ]
INFO: [ app_init ] --END-- [ RunTime:0.000408s ]
ERR: 无法加载模块:Public

[ 2017-08-24T10:36:56+08:00 ] 127.0.0.1 /resource/images/b122fa90ecd441f19d8d3a4b24e80e03_3.jpg
INFO: [ app_init ] --START--
INFO: Run Behavior\BuildLiteBehavior [ RunTime:0.000022s ]
INFO: [ app_init ] --END-- [ RunTime:0.000517s ]
ERR: 无法加载模块:Resource

[ 2017-08-24T10:36:56+08:00 ] 127.0.0.1 /resource/images/b122fa90ecd441f19d8d3a4b24e80e03_41.jpg
INFO: [ app_init ] --START--
INFO: Run Behavior\BuildLiteBehavior [ RunTime:0.000018s ]
INFO: [ app_init ] --END-- [ RunTime:0.000527s ]
ERR: 无法加载模块:Resource

[ 2017-08-24T10:36:56+08:00 ] 127.0.0.1 /resource/images/8b119ffbe26741fa8e0ec02d4f97da8b_74.jpg
INFO: [ app_init ] --START--
INFO: Run Behavior\BuildLiteBehavior [ RunTime:0.000019s ]
INFO: [ app_init ] --END-- [ RunTime:0.000503s ]
ERR: 无法加载模块:Resource

[ 2017-08-24T10:36:56+08:00 ] 127.0.0.1 /Public/Homejs/public.js
INFO: [ app_init ] --START--
INFO: Run Behavior\BuildLiteBehavior [ RunTime:0.000016s ]
INFO: [ app_init ] --END-- [ RunTime:0.000449s ]
ERR: 无法加载模块:Public

[ 2017-08-24T10:40:04+08:00 ] 127.0.0.1 /resource/images/b122fa90ecd441f19d8d3a4b24e80e03_3.jpg
INFO: [ app_init ] --START--
INFO: Run Behavior\BuildLiteBehavior [ RunTime:0.000022s ]
INFO: [ app_init ] --END-- [ RunTime:0.000527s ]
ERR: 无法加载模块:Resource

[ 2017-08-24T10:40:04+08:00 ] 127.0.0.1 /resource/images/b122fa90ecd441f19d8d3a4b24e80e03_41.jpg
INFO: [ app_init ] --START--
INFO: Run Behavior\BuildLiteBehavior [ RunTime:0.000022s ]
INFO: [ app_init ] --END-- [ RunTime:0.000528s ]
ERR: 无法加载模块:Resource

[ 2017-08-24T10:40:04+08:00 ] 127.0.0.1 /resource/images/8b119ffbe26741fa8e0ec02d4f97da8b_74.jpg
INFO: [ app_init ] --START--
INFO: Run Behavior\BuildLiteBehavior [ RunTime:0.000021s ]
INFO: [ app_init ] --END-- [ RunTime:0.000613s ]
ERR: 无法加载模块:Resource

[ 2017-08-24T10:40:05+08:00 ] 127.0.0.1 /Public/Homejs/public.js
INFO: [ app_init ] --START--
INFO: Run Behavior\BuildLiteBehavior [ RunTime:0.000029s ]
INFO: [ app_init ] --END-- [ RunTime:0.001096s ]
ERR: 无法加载模块:Public

[ 2017-08-24T10:40:05+08:00 ] 127.0.0.1 /resource/images/b122fa90ecd441f19d8d3a4b24e80e03_23.jpg
INFO: [ app_init ] --START--
INFO: Run Behavior\BuildLiteBehavior [ RunTime:0.000021s ]
INFO: [ app_init ] --END-- [ RunTime:0.000536s ]
ERR: 无法加载模块:Resource

[ 2017-08-24T10:40:05+08:00 ] 127.0.0.1 /resource/images/8b119ffbe26741fa8e0ec02d4f97da8b_74.jpg
INFO: [ app_init ] --START--
INFO: Run Behavior\BuildLiteBehavior [ RunTime:0.000021s ]
INFO: [ app_init ] --END-- [ RunTime:0.000517s ]
ERR: 无法加载模块:Resource

[ 2017-08-24T10:40:05+08:00 ] 127.0.0.1 /subDomain.js?_=1503542405045
INFO: [ app_init ] --START--
INFO: Run Behavior\BuildLiteBehavior [ RunTime:0.000020s ]
INFO: [ app_init ] --END-- [ RunTime:0.000513s ]
ERR: 无法加载模块:SubDomain

[ 2017-08-24T10:40:05+08:00 ] 127.0.0.1 /resource/images/b122fa90ecd441f19d8d3a4b24e80e03_3.jpg
INFO: [ app_init ] --START--
INFO: Run Behavior\BuildLiteBehavior [ RunTime:0.000024s ]
INFO: [ app_init ] --END-- [ RunTime:0.000562s ]
ERR: 无法加载模块:Resource

[ 2017-08-24T10:40:05+08:00 ] 127.0.0.1 /resource/images/b122fa90ecd441f19d8d3a4b24e80e03_41.jpg
INFO: [ app_init ] --START--
INFO: Run Behavior\BuildLiteBehavior [ RunTime:0.000022s ]
INFO: [ app_init ] --END-- [ RunTime:0.000550s ]
ERR: 无法加载模块:Resource

[ 2017-08-24T10:40:05+08:00 ] 127.0.0.1 /Public/Home/css/img/common/fgdh.jpg
INFO: [ app_init ] --START--
INFO: Run Behavior\BuildLiteBehavior [ RunTime:0.000022s ]
INFO: [ app_init ] --END-- [ RunTime:0.000584s ]
ERR: 无法加载模块:Public

[ 2017-08-24T10:40:05+08:00 ] 127.0.0.1 /Public/Home/css/images/VISkins-p4.png
INFO: [ app_init ] --START--
INFO: Run Behavior\BuildLiteBehavior [ RunTime:0.000019s ]
INFO: [ app_init ] --END-- [ RunTime:0.000556s ]
ERR: 无法加载模块:Public

[ 2017-08-24T10:40:05+08:00 ] 127.0.0.1 /Public/Home/css/img/common/tel.jpg
INFO: [ app_init ] --START--
INFO: Run Behavior\BuildLiteBehavior [ RunTime:0.000016s ]
INFO: [ app_init ] --END-- [ RunTime:0.000484s ]
ERR: 无法加载模块:Public

[ 2017-08-24T10:40:05+08:00 ] 127.0.0.1 /Public/Homejs/public.js
INFO: [ app_init ] --START--
INFO: Run Behavior\BuildLiteBehavior [ RunTime:0.000020s ]
INFO: [ app_init ] --END-- [ RunTime:0.000519s ]
ERR: 无法加载模块:Public

[ 2017-08-24T10:40:05+08:00 ] 127.0.0.1 /Public/Home/css/img/index/tjs.jpg
INFO: [ app_init ] --START--
INFO: Run Behavior\BuildLiteBehavior [ RunTime:0.000024s ]
INFO: [ app_init ] --END-- [ RunTime:0.000552s ]
ERR: 无法加载模块:Public

[ 2017-08-24T10:40:05+08:00 ] 127.0.0.1 /Public/Home/css/img/index/czs.jpg
INFO: [ app_init ] --START--
INFO: Run Behavior\BuildLiteBehavior [ RunTime:0.000023s ]
INFO: [ app_init ] --END-- [ RunTime:0.000530s ]
ERR: 无法加载模块:Public

[ 2017-08-24T10:40:05+08:00 ] 127.0.0.1 /Public/Home/css/images/fx.png
INFO: [ app_init ] --START--
INFO: Run Behavior\BuildLiteBehavior [ RunTime:0.000014s ]
INFO: [ app_init ] --END-- [ RunTime:0.000369s ]
ERR: 无法加载模块:Public

[ 2017-08-24T10:40:06+08:00 ] 127.0.0.1 /resource/images/b122fa90ecd441f19d8d3a4b24e80e03_3.jpg
INFO: [ app_init ] --START--
INFO: Run Behavior\BuildLiteBehavior [ RunTime:0.000024s ]
INFO: [ app_init ] --END-- [ RunTime:0.000532s ]
ERR: 无法加载模块:Resource

[ 2017-08-24T10:40:06+08:00 ] 127.0.0.1 /resource/images/b122fa90ecd441f19d8d3a4b24e80e03_41.jpg
INFO: [ app_init ] --START--
INFO: Run Behavior\BuildLiteBehavior [ RunTime:0.000022s ]
INFO: [ app_init ] --END-- [ RunTime:0.002832s ]
ERR: 无法加载模块:Resource

[ 2017-08-24T10:40:06+08:00 ] 127.0.0.1 /resource/images/8b119ffbe26741fa8e0ec02d4f97da8b_74.jpg
INFO: [ app_init ] --START--
INFO: Run Behavior\BuildLiteBehavior [ RunTime:0.000027s ]
INFO: [ app_init ] --END-- [ RunTime:0.004636s ]
ERR: 无法加载模块:Resource

[ 2017-08-24T10:40:06+08:00 ] 127.0.0.1 /resource/images/b122fa90ecd441f19d8d3a4b24e80e03_23.jpg
INFO: [ app_init ] --START--
INFO: Run Behavior\BuildLiteBehavior [ RunTime:0.000021s ]
INFO: [ app_init ] --END-- [ RunTime:0.000535s ]
ERR: 无法加载模块:Resource

[ 2017-08-24T10:40:06+08:00 ] 127.0.0.1 /Public/Homejs/public.js
INFO: [ app_init ] --START--
INFO: Run Behavior\BuildLiteBehavior [ RunTime:0.000022s ]
INFO: [ app_init ] --END-- [ RunTime:0.000550s ]
ERR: 无法加载模块:Public

[ 2017-08-24T10:40:06+08:00 ] 127.0.0.1 /subDomain.js?_=1503542406885
INFO: [ app_init ] --START--
INFO: Run Behavior\BuildLiteBehavior [ RunTime:0.000023s ]
INFO: [ app_init ] --END-- [ RunTime:0.000565s ]
ERR: 无法加载模块:SubDomain

[ 2017-08-24T10:40:06+08:00 ] 127.0.0.1 /resource/images/8b119ffbe26741fa8e0ec02d4f97da8b_74.jpg
INFO: [ app_init ] --START--
INFO: Run Behavior\BuildLiteBehavior [ RunTime:0.000021s ]
INFO: [ app_init ] --END-- [ RunTime:0.000620s ]
ERR: 无法加载模块:Resource

[ 2017-08-24T10:40:06+08:00 ] 127.0.0.1 /resource/images/b122fa90ecd441f19d8d3a4b24e80e03_3.jpg
INFO: [ app_init ] --START--
INFO: Run Behavior\BuildLiteBehavior [ RunTime:0.000025s ]
INFO: [ app_init ] --END-- [ RunTime:0.000611s ]
ERR: 无法加载模块:Resource

[ 2017-08-24T10:40:06+08:00 ] 127.0.0.1 /resource/images/b122fa90ecd441f19d8d3a4b24e80e03_41.jpg
INFO: [ app_init ] --START--
INFO: Run Behavior\BuildLiteBehavior [ RunTime:0.000023s ]
INFO: [ app_init ] --END-- [ RunTime:0.000562s ]
ERR: 无法加载模块:Resource

[ 2017-08-24T10:40:06+08:00 ] 127.0.0.1 /Public/Home/css/img/common/tel.jpg
INFO: [ app_init ] --START--
INFO: Run Behavior\BuildLiteBehavior [ RunTime:0.000021s ]
INFO: [ app_init ] --END-- [ RunTime:0.000510s ]
ERR: 无法加载模块:Public

[ 2017-08-24T10:40:06+08:00 ] 127.0.0.1 /Public/Home/css/images/VISkins-p4.png
INFO: [ app_init ] --START--
INFO: Run Behavior\BuildLiteBehavior [ RunTime:0.000013s ]
INFO: [ app_init ] --END-- [ RunTime:0.000444s ]
ERR: 无法加载模块:Public

[ 2017-08-24T10:40:06+08:00 ] 127.0.0.1 /Public/Home/css/img/common/fgdh.jpg
INFO: [ app_init ] --START--
INFO: Run Behavior\BuildLiteBehavior [ RunTime:0.000024s ]
INFO: [ app_init ] --END-- [ RunTime:0.000668s ]
ERR: 无法加载模块:Public

[ 2017-08-24T10:40:07+08:00 ] 127.0.0.1 /Public/Homejs/public.js
INFO: [ app_init ] --START--
INFO: Run Behavior\BuildLiteBehavior [ RunTime:0.000020s ]
INFO: [ app_init ] --END-- [ RunTime:0.000523s ]
ERR: 无法加载模块:Public

[ 2017-08-24T10:40:07+08:00 ] 127.0.0.1 /Public/Home/css/img/index/tjs.jpg
INFO: [ app_init ] --START--
INFO: Run Behavior\BuildLiteBehavior [ RunTime:0.000028s ]
INFO: [ app_init ] --END-- [ RunTime:0.000963s ]
ERR: 无法加载模块:Public

[ 2017-08-24T10:40:07+08:00 ] 127.0.0.1 /Public/Home/css/img/index/czs.jpg
INFO: [ app_init ] --START--
INFO: Run Behavior\BuildLiteBehavior [ RunTime:0.000023s ]
INFO: [ app_init ] --END-- [ RunTime:0.000560s ]
ERR: 无法加载模块:Public

[ 2017-08-24T10:40:07+08:00 ] 127.0.0.1 /Public/Home/css/images/fx.png
INFO: [ app_init ] --START--
INFO: Run Behavior\BuildLiteBehavior [ RunTime:0.000022s ]
INFO: [ app_init ] --END-- [ RunTime:0.000585s ]
ERR: 无法加载模块:Public

[ 2017-08-24T10:40:09+08:00 ] 127.0.0.1 /resource/images/8b119ffbe26741fa8e0ec02d4f97da8b_74.jpg
INFO: [ app_init ] --START--
INFO: Run Behavior\BuildLiteBehavior [ RunTime:0.000022s ]
INFO: [ app_init ] --END-- [ RunTime:0.000546s ]
ERR: 无法加载模块:Resource

[ 2017-08-24T10:40:09+08:00 ] 127.0.0.1 /resource/images/b122fa90ecd441f19d8d3a4b24e80e03_3.jpg
INFO: [ app_init ] --START--
INFO: Run Behavior\BuildLiteBehavior [ RunTime:0.000023s ]
INFO: [ app_init ] --END-- [ RunTime:0.000560s ]
ERR: 无法加载模块:Resource

[ 2017-08-24T10:40:09+08:00 ] 127.0.0.1 /resource/images/b122fa90ecd441f19d8d3a4b24e80e03_41.jpg
INFO: [ app_init ] --START--
INFO: Run Behavior\BuildLiteBehavior [ RunTime:0.000014s ]
INFO: [ app_init ] --END-- [ RunTime:0.000410s ]
ERR: 无法加载模块:Resource

[ 2017-08-24T10:40:09+08:00 ] 127.0.0.1 /resource/images/b122fa90ecd441f19d8d3a4b24e80e03_23.jpg
INFO: [ app_init ] --START--
INFO: Run Behavior\BuildLiteBehavior [ RunTime:0.000022s ]
INFO: [ app_init ] --END-- [ RunTime:0.000517s ]
ERR: 无法加载模块:Resource

[ 2017-08-24T10:40:09+08:00 ] 127.0.0.1 /Public/Homejs/public.js
INFO: [ app_init ] --START--
INFO: Run Behavior\BuildLiteBehavior [ RunTime:0.000017s ]
INFO: [ app_init ] --END-- [ RunTime:0.000438s ]
ERR: 无法加载模块:Public

[ 2017-08-24T10:40:09+08:00 ] 127.0.0.1 /resource/images/8b119ffbe26741fa8e0ec02d4f97da8b_74.jpg
INFO: [ app_init ] --START--
INFO: Run Behavior\BuildLiteBehavior [ RunTime:0.000027s ]
INFO: [ app_init ] --END-- [ RunTime:0.001345s ]
ERR: 无法加载模块:Resource

[ 2017-08-24T10:40:09+08:00 ] 127.0.0.1 /resource/images/b122fa90ecd441f19d8d3a4b24e80e03_3.jpg
INFO: [ app_init ] --START--
INFO: Run Behavior\BuildLiteBehavior [ RunTime:0.000023s ]
INFO: [ app_init ] --END-- [ RunTime:0.000550s ]
ERR: 无法加载模块:Resource

[ 2017-08-24T10:40:09+08:00 ] 127.0.0.1 /subDomain.js?_=1503542409656
INFO: [ app_init ] --START--
INFO: Run Behavior\BuildLiteBehavior [ RunTime:0.000026s ]
INFO: [ app_init ] --END-- [ RunTime:0.002253s ]
ERR: 无法加载模块:SubDomain

[ 2017-08-24T10:40:09+08:00 ] 127.0.0.1 /resource/images/b122fa90ecd441f19d8d3a4b24e80e03_41.jpg
INFO: [ app_init ] --START--
INFO: Run Behavior\BuildLiteBehavior [ RunTime:0.000024s ]
INFO: [ app_init ] --END-- [ RunTime:0.000667s ]
ERR: 无法加载模块:Resource

[ 2017-08-24T10:40:09+08:00 ] 127.0.0.1 /resource/images/b122fa90ecd441f19d8d3a4b24e80e03_23.jpg
INFO: [ app_init ] --START--
INFO: Run Behavior\BuildLiteBehavior [ RunTime:0.000025s ]
INFO: [ app_init ] --END-- [ RunTime:0.000569s ]
ERR: 无法加载模块:Resource

[ 2017-08-24T10:40:09+08:00 ] 127.0.0.1 /Public/Home/css/img/common/tel.jpg
INFO: [ app_init ] --START--
INFO: Run Behavior\BuildLiteBehavior [ RunTime:0.000021s ]
INFO: [ app_init ] --END-- [ RunTime:0.000527s ]
ERR: 无法加载模块:Public

[ 2017-08-24T10:40:09+08:00 ] 127.0.0.1 /Public/Home/css/img/common/fgdh.jpg
INFO: [ app_init ] --START--
INFO: Run Behavior\BuildLiteBehavior [ RunTime:0.000021s ]
INFO: [ app_init ] --END-- [ RunTime:0.000555s ]
ERR: 无法加载模块:Public

[ 2017-08-24T10:40:09+08:00 ] 127.0.0.1 /Public/Home/css/images/VISkins-p4.png
INFO: [ app_init ] --START--
INFO: Run Behavior\BuildLiteBehavior [ RunTime:0.000016s ]
INFO: [ app_init ] --END-- [ RunTime:0.000383s ]
ERR: 无法加载模块:Public

[ 2017-08-24T10:40:09+08:00 ] 127.0.0.1 /Public/Homejs/public.js
INFO: [ app_init ] --START--
INFO: Run Behavior\BuildLiteBehavior [ RunTime:0.000024s ]
INFO: [ app_init ] --END-- [ RunTime:0.000559s ]
ERR: 无法加载模块:Public

[ 2017-08-24T10:40:09+08:00 ] 127.0.0.1 /Public/Home/css/img/index/tjs.jpg
INFO: [ app_init ] --START--
INFO: Run Behavior\BuildLiteBehavior [ RunTime:0.000018s ]
INFO: [ app_init ] --END-- [ RunTime:0.000496s ]
ERR: 无法加载模块:Public

[ 2017-08-24T10:40:09+08:00 ] 127.0.0.1 /Public/Home/css/img/index/czs.jpg
INFO: [ app_init ] --START--
INFO: Run Behavior\BuildLiteBehavior [ RunTime:0.000025s ]
INFO: [ app_init ] --END-- [ RunTime:0.000993s ]
ERR: 无法加载模块:Public

[ 2017-08-24T10:40:09+08:00 ] 127.0.0.1 /Public/Home/css/images/fx.png
INFO: [ app_init ] --START--
INFO: Run Behavior\BuildLiteBehavior [ RunTime:0.000017s ]
INFO: [ app_init ] --END-- [ RunTime:0.000436s ]
ERR: 无法加载模块:Public

[ 2017-08-24T10:40:14+08:00 ] 127.0.0.1 /resource/images/b122fa90ecd441f19d8d3a4b24e80e03_23.jpg
INFO: [ app_init ] --START--
INFO: Run Behavior\BuildLiteBehavior [ RunTime:0.000021s ]
INFO: [ app_init ] --END-- [ RunTime:0.000525s ]
ERR: 无法加载模块:Resource

[ 2017-08-24T10:40:14+08:00 ] 127.0.0.1 /resource/images/b122fa90ecd441f19d8d3a4b24e80e03_41.jpg
INFO: [ app_init ] --START--
INFO: Run Behavior\BuildLiteBehavior [ RunTime:0.000021s ]
INFO: [ app_init ] --END-- [ RunTime:0.000525s ]
ERR: 无法加载模块:Resource

[ 2017-08-24T10:40:14+08:00 ] 127.0.0.1 /resource/images/b122fa90ecd441f19d8d3a4b24e80e03_3.jpg
INFO: [ app_init ] --START--
INFO: Run Behavior\BuildLiteBehavior [ RunTime:0.000021s ]
INFO: [ app_init ] --END-- [ RunTime:0.000589s ]
ERR: 无法加载模块:Resource

[ 2017-08-24T10:40:14+08:00 ] 127.0.0.1 /Public/Homejs/public.js
INFO: [ app_init ] --START--
INFO: Run Behavior\BuildLiteBehavior [ RunTime:0.000015s ]
INFO: [ app_init ] --END-- [ RunTime:0.000384s ]
ERR: 无法加载模块:Public

[ 2017-08-24T10:40:14+08:00 ] 127.0.0.1 /subDomain.js?_=1503542414535
INFO: [ app_init ] --START--
INFO: Run Behavior\BuildLiteBehavior [ RunTime:0.000025s ]
INFO: [ app_init ] --END-- [ RunTime:0.000585s ]
ERR: 无法加载模块:SubDomain

[ 2017-08-24T10:40:14+08:00 ] 127.0.0.1 /resource/images/b122fa90ecd441f19d8d3a4b24e80e03_41.jpg
INFO: [ app_init ] --START--
INFO: Run Behavior\BuildLiteBehavior [ RunTime:0.000022s ]
INFO: [ app_init ] --END-- [ RunTime:0.000518s ]
ERR: 无法加载模块:Resource

[ 2017-08-24T10:40:14+08:00 ] 127.0.0.1 /resource/images/b122fa90ecd441f19d8d3a4b24e80e03_3.jpg
INFO: [ app_init ] --START--
INFO: Run Behavior\BuildLiteBehavior [ RunTime:0.000021s ]
INFO: [ app_init ] --END-- [ RunTime:0.000509s ]
ERR: 无法加载模块:Resource

[ 2017-08-24T10:40:14+08:00 ] 127.0.0.1 /resource/images/b122fa90ecd441f19d8d3a4b24e80e03_23.jpg
INFO: [ app_init ] --START--
INFO: Run Behavior\BuildLiteBehavior [ RunTime:0.000019s ]
INFO: [ app_init ] --END-- [ RunTime:0.000506s ]
ERR: 无法加载模块:Resource

[ 2017-08-24T10:40:14+08:00 ] 127.0.0.1 /Public/Homejs/public.js
INFO: [ app_init ] --START--
INFO: Run Behavior\BuildLiteBehavior [ RunTime:0.000024s ]
INFO: [ app_init ] --END-- [ RunTime:0.000556s ]
ERR: 无法加载模块:Public

[ 2017-08-24T10:40:14+08:00 ] 127.0.0.1 /Public/Home/css/img/common/headbge.jpg
INFO: [ app_init ] --START--
INFO: Run Behavior\BuildLiteBehavior [ RunTime:0.000023s ]
INFO: [ app_init ] --END-- [ RunTime:0.000547s ]
ERR: 无法加载模块:Public

[ 2017-08-24T10:40:14+08:00 ] 127.0.0.1 /Public/Home/css/img/common/tel.jpg
INFO: [ app_init ] --START--
INFO: Run Behavior\BuildLiteBehavior [ RunTime:0.000024s ]
INFO: [ app_init ] --END-- [ RunTime:0.000554s ]
ERR: 无法加载模块:Public

[ 2017-08-24T10:40:14+08:00 ] 127.0.0.1 /Public/Home/css/img/common/fgdh.jpg
INFO: [ app_init ] --START--
INFO: Run Behavior\BuildLiteBehavior [ RunTime:0.000022s ]
INFO: [ app_init ] --END-- [ RunTime:0.000581s ]
ERR: 无法加载模块:Public

[ 2017-08-24T10:40:14+08:00 ] 127.0.0.1 /Public/Home/css/images/VISkins-p4.png
INFO: [ app_init ] --START--
INFO: Run Behavior\BuildLiteBehavior [ RunTime:0.000026s ]
INFO: [ app_init ] --END-- [ RunTime:0.000628s ]
ERR: 无法加载模块:Public

[ 2017-08-24T10:40:14+08:00 ] 127.0.0.1 /Public/Home/css/images/fx.png
INFO: [ app_init ] --START--
INFO: Run Behavior\BuildLiteBehavior [ RunTime:0.000081s ]
INFO: [ app_init ] --END-- [ RunTime:0.000916s ]
ERR: 无法加载模块:Public

[ 2017-08-24T10:40:16+08:00 ] 127.0.0.1 /resource/images/8b119ffbe26741fa8e0ec02d4f97da8b_74.jpg
INFO: [ app_init ] --START--
INFO: Run Behavior\BuildLiteBehavior [ RunTime:0.000022s ]
INFO: [ app_init ] --END-- [ RunTime:0.000527s ]
ERR: 无法加载模块:Resource

[ 2017-08-24T10:40:16+08:00 ] 127.0.0.1 /resource/images/b122fa90ecd441f19d8d3a4b24e80e03_41.jpg
INFO: [ app_init ] --START--
INFO: Run Behavior\BuildLiteBehavior [ RunTime:0.000023s ]
INFO: [ app_init ] --END-- [ RunTime:0.000738s ]
ERR: 无法加载模块:Resource

[ 2017-08-24T10:40:16+08:00 ] 127.0.0.1 /resource/images/b122fa90ecd441f19d8d3a4b24e80e03_3.jpg
INFO: [ app_init ] --START--
INFO: Run Behavior\BuildLiteBehavior [ RunTime:0.000026s ]
INFO: [ app_init ] --END-- [ RunTime:0.011645s ]
ERR: 无法加载模块:Resource

[ 2017-08-24T10:40:16+08:00 ] 127.0.0.1 /Public/Homejs/public.js
INFO: [ app_init ] --START--
INFO: Run Behavior\BuildLiteBehavior [ RunTime:0.000024s ]
INFO: [ app_init ] --END-- [ RunTime:0.000601s ]
ERR: 无法加载模块:Public

[ 2017-08-24T10:40:16+08:00 ] 127.0.0.1 /resource/images/b122fa90ecd441f19d8d3a4b24e80e03_23.jpg
INFO: [ app_init ] --START--
INFO: Run Behavior\BuildLiteBehavior [ RunTime:0.000022s ]
INFO: [ app_init ] --END-- [ RunTime:0.000542s ]
ERR: 无法加载模块:Resource

[ 2017-08-24T10:40:16+08:00 ] 127.0.0.1 /subDomain.js?_=1503542416827
INFO: [ app_init ] --START--
INFO: Run Behavior\BuildLiteBehavior [ RunTime:0.000020s ]
INFO: [ app_init ] --END-- [ RunTime:0.000515s ]
ERR: 无法加载模块:SubDomain

[ 2017-08-24T10:40:16+08:00 ] 127.0.0.1 /resource/images/8b119ffbe26741fa8e0ec02d4f97da8b_74.jpg
INFO: [ app_init ] --START--
INFO: Run Behavior\BuildLiteBehavior [ RunTime:0.000018s ]
INFO: [ app_init ] --END-- [ RunTime:0.000503s ]
ERR: 无法加载模块:Resource

[ 2017-08-24T10:40:16+08:00 ] 127.0.0.1 /resource/images/b122fa90ecd441f19d8d3a4b24e80e03_3.jpg
INFO: [ app_init ] --START--
INFO: Run Behavior\BuildLiteBehavior [ RunTime:0.000020s ]
INFO: [ app_init ] --END-- [ RunTime:0.000512s ]
ERR: 无法加载模块:Resource

[ 2017-08-24T10:40:16+08:00 ] 127.0.0.1 /Public/Home/css/img/common/tel.jpg
INFO: [ app_init ] --START--
INFO: Run Behavior\BuildLiteBehavior [ RunTime:0.000023s ]
INFO: [ app_init ] --END-- [ RunTime:0.000522s ]
ERR: 无法加载模块:Public

[ 2017-08-24T10:40:16+08:00 ] 127.0.0.1 /resource/images/b122fa90ecd441f19d8d3a4b24e80e03_41.jpg
INFO: [ app_init ] --START--
INFO: Run Behavior\BuildLiteBehavior [ RunTime:0.000016s ]
INFO: [ app_init ] --END-- [ RunTime:0.000483s ]
ERR: 无法加载模块:Resource

[ 2017-08-24T10:40:16+08:00 ] 127.0.0.1 /Public/Home/css/img/common/fgdh.jpg
INFO: [ app_init ] --START--
INFO: Run Behavior\BuildLiteBehavior [ RunTime:0.000020s ]
INFO: [ app_init ] --END-- [ RunTime:0.002821s ]
ERR: 无法加载模块:Public

[ 2017-08-24T10:40:16+08:00 ] 127.0.0.1 /Public/Home/css/images/VISkins-p4.png
INFO: [ app_init ] --START--
INFO: Run Behavior\BuildLiteBehavior [ RunTime:0.000018s ]
INFO: [ app_init ] --END-- [ RunTime:0.000522s ]
ERR: 无法加载模块:Public

[ 2017-08-24T10:40:16+08:00 ] 127.0.0.1 /Public/Homejs/public.js
INFO: [ app_init ] --START--
INFO: Run Behavior\BuildLiteBehavior [ RunTime:0.000023s ]
INFO: [ app_init ] --END-- [ RunTime:0.000551s ]
ERR: 无法加载模块:Public

[ 2017-08-24T10:40:16+08:00 ] 127.0.0.1 /Public/Home/css/img/index/tjs.jpg
INFO: [ app_init ] --START--
INFO: Run Behavior\BuildLiteBehavior [ RunTime:0.000025s ]
INFO: [ app_init ] --END-- [ RunTime:0.000607s ]
ERR: 无法加载模块:Public

[ 2017-08-24T10:40:16+08:00 ] 127.0.0.1 /Public/Home/css/img/index/czs.jpg
INFO: [ app_init ] --START--
INFO: Run Behavior\BuildLiteBehavior [ RunTime:0.000027s ]
INFO: [ app_init ] --END-- [ RunTime:0.000767s ]
ERR: 无法加载模块:Public

[ 2017-08-24T10:40:16+08:00 ] 127.0.0.1 /Public/Home/css/images/fx.png
INFO: [ app_init ] --START--
INFO: Run Behavior\BuildLiteBehavior [ RunTime:0.000026s ]
INFO: [ app_init ] --END-- [ RunTime:0.001139s ]
ERR: 无法加载模块:Public

[ 2017-08-24T11:43:14+08:00 ] 127.0.0.1 /resource/images/8b119ffbe26741fa8e0ec02d4f97da8b_74.jpg
INFO: [ app_init ] --START--
INFO: Run Behavior\BuildLiteBehavior [ RunTime:0.000025s ]
INFO: [ app_init ] --END-- [ RunTime:0.000772s ]
ERR: 无法加载模块:Resource

[ 2017-08-24T11:43:14+08:00 ] 127.0.0.1 /resource/images/b122fa90ecd441f19d8d3a4b24e80e03_23.jpg
INFO: [ app_init ] --START--
INFO: Run Behavior\BuildLiteBehavior [ RunTime:0.000023s ]
INFO: [ app_init ] --END-- [ RunTime:0.000558s ]
ERR: 无法加载模块:Resource

[ 2017-08-24T11:43:14+08:00 ] 127.0.0.1 /resource/images/b122fa90ecd441f19d8d3a4b24e80e03_3.jpg
INFO: [ app_init ] --START--
INFO: Run Behavior\BuildLiteBehavior [ RunTime:0.000025s ]
INFO: [ app_init ] --END-- [ RunTime:0.000669s ]
ERR: 无法加载模块:Resource

[ 2017-08-24T11:43:14+08:00 ] 127.0.0.1 /resource/images/b122fa90ecd441f19d8d3a4b24e80e03_41.jpg
INFO: [ app_init ] --START--
INFO: Run Behavior\BuildLiteBehavior [ RunTime:0.000019s ]
INFO: [ app_init ] --END-- [ RunTime:0.000518s ]
ERR: 无法加载模块:Resource

[ 2017-08-24T11:43:14+08:00 ] 127.0.0.1 /Public/Homejs/public.js
INFO: [ app_init ] --START--
INFO: Run Behavior\BuildLiteBehavior [ RunTime:0.000037s ]
INFO: [ app_init ] --END-- [ RunTime:0.001459s ]
ERR: 无法加载模块:Public

[ 2017-08-24T11:43:14+08:00 ] 127.0.0.1 /subDomain.js?_=1503546194125
INFO: [ app_init ] --START--
INFO: Run Behavior\BuildLiteBehavior [ RunTime:0.000024s ]
INFO: [ app_init ] --END-- [ RunTime:0.000550s ]
ERR: 无法加载模块:SubDomain

[ 2017-08-24T11:43:14+08:00 ] 127.0.0.1 /resource/images/8b119ffbe26741fa8e0ec02d4f97da8b_74.jpg
INFO: [ app_init ] --START--
INFO: Run Behavior\BuildLiteBehavior [ RunTime:0.000025s ]
INFO: [ app_init ] --END-- [ RunTime:0.000719s ]
ERR: 无法加载模块:Resource

[ 2017-08-24T11:43:14+08:00 ] 127.0.0.1 /resource/images/b122fa90ecd441f19d8d3a4b24e80e03_3.jpg
INFO: [ app_init ] --START--
INFO: Run Behavior\BuildLiteBehavior [ RunTime:0.000022s ]
INFO: [ app_init ] --END-- [ RunTime:0.000570s ]
ERR: 无法加载模块:Resource

[ 2017-08-24T11:43:14+08:00 ] 127.0.0.1 /resource/images/b122fa90ecd441f19d8d3a4b24e80e03_41.jpg
INFO: [ app_init ] --START--
INFO: Run Behavior\BuildLiteBehavior [ RunTime:0.000037s ]
INFO: [ app_init ] --END-- [ RunTime:0.000744s ]
ERR: 无法加载模块:Resource

[ 2017-08-24T11:43:14+08:00 ] 127.0.0.1 /resource/images/b122fa90ecd441f19d8d3a4b24e80e03_23.jpg
INFO: [ app_init ] --START--
INFO: Run Behavior\BuildLiteBehavior [ RunTime:0.000026s ]
INFO: [ app_init ] --END-- [ RunTime:0.000623s ]
ERR: 无法加载模块:Resource

[ 2017-08-24T11:43:14+08:00 ] 127.0.0.1 /Public/Home/css/img/common/tel.jpg
INFO: [ app_init ] --START--
INFO: Run Behavior\BuildLiteBehavior [ RunTime:0.000027s ]
INFO: [ app_init ] --END-- [ RunTime:0.000760s ]
ERR: 无法加载模块:Public

[ 2017-08-24T11:43:14+08:00 ] 127.0.0.1 /Public/Home/css/img/common/fgdh.jpg
INFO: [ app_init ] --START--
INFO: Run Behavior\BuildLiteBehavior [ RunTime:0.000025s ]
INFO: [ app_init ] --END-- [ RunTime:0.000654s ]
ERR: 无法加载模块:Public

[ 2017-08-24T11:43:14+08:00 ] 127.0.0.1 /Public/Home/css/images/VISkins-p4.png
INFO: [ app_init ] --START--
INFO: Run Behavior\BuildLiteBehavior [ RunTime:0.000025s ]
INFO: [ app_init ] --END-- [ RunTime:0.000841s ]
ERR: 无法加载模块:Public

[ 2017-08-24T11:43:14+08:00 ] 127.0.0.1 /Public/Homejs/public.js
INFO: [ app_init ] --START--
INFO: Run Behavior\BuildLiteBehavior [ RunTime:0.000024s ]
INFO: [ app_init ] --END-- [ RunTime:0.000539s ]
ERR: 无法加载模块:Public

[ 2017-08-24T11:43:14+08:00 ] 127.0.0.1 /Public/Home/css/img/index/tjs.jpg
INFO: [ app_init ] --START--
INFO: Run Behavior\BuildLiteBehavior [ RunTime:0.000032s ]
INFO: [ app_init ] --END-- [ RunTime:0.000727s ]
ERR: 无法加载模块:Public

[ 2017-08-24T11:43:14+08:00 ] 127.0.0.1 /Public/Home/css/images/fx.png
INFO: [ app_init ] --START--
INFO: Run Behavior\BuildLiteBehavior [ RunTime:0.000025s ]
INFO: [ app_init ] --END-- [ RunTime:0.000648s ]
ERR: 无法加载模块:Public

[ 2017-08-24T11:43:14+08:00 ] 127.0.0.1 /Public/Home/css/img/index/czs.jpg
INFO: [ app_init ] --START--
INFO: Run Behavior\BuildLiteBehavior [ RunTime:0.000037s ]
INFO: [ app_init ] --END-- [ RunTime:0.000674s ]
ERR: 无法加载模块:Public

[ 2017-08-24T11:43:16+08:00 ] 127.0.0.1 /resource/images/8b119ffbe26741fa8e0ec02d4f97da8b_74.jpg
INFO: [ app_init ] --START--
INFO: Run Behavior\BuildLiteBehavior [ RunTime:0.000022s ]
INFO: [ app_init ] --END-- [ RunTime:0.000759s ]
ERR: 无法加载模块:Resource

[ 2017-08-24T11:43:16+08:00 ] 127.0.0.1 /resource/images/b122fa90ecd441f19d8d3a4b24e80e03_3.jpg
INFO: [ app_init ] --START--
INFO: Run Behavior\BuildLiteBehavior [ RunTime:0.000024s ]
INFO: [ app_init ] --END-- [ RunTime:0.008466s ]
ERR: 无法加载模块:Resource

[ 2017-08-24T11:43:16+08:00 ] 127.0.0.1 /resource/images/b122fa90ecd441f19d8d3a4b24e80e03_41.jpg
INFO: [ app_init ] --START--
INFO: Run Behavior\BuildLiteBehavior [ RunTime:0.000024s ]
INFO: [ app_init ] --END-- [ RunTime:0.000697s ]
ERR: 无法加载模块:Resource

[ 2017-08-24T11:43:16+08:00 ] 127.0.0.1 /resource/images/b122fa90ecd441f19d8d3a4b24e80e03_23.jpg
INFO: [ app_init ] --START--
INFO: Run Behavior\BuildLiteBehavior [ RunTime:0.000023s ]
INFO: [ app_init ] --END-- [ RunTime:0.000920s ]
ERR: 无法加载模块:Resource

[ 2017-08-24T11:43:16+08:00 ] 127.0.0.1 /Public/Homejs/public.js
INFO: [ app_init ] --START--
INFO: Run Behavior\BuildLiteBehavior [ RunTime:0.000028s ]
INFO: [ app_init ] --END-- [ RunTime:0.001041s ]
ERR: 无法加载模块:Public

[ 2017-08-24T11:43:16+08:00 ] 127.0.0.1 /subDomain.js?_=1503546196415
INFO: [ app_init ] --START--
INFO: Run Behavior\BuildLiteBehavior [ RunTime:0.000022s ]
INFO: [ app_init ] --END-- [ RunTime:0.000543s ]
ERR: 无法加载模块:SubDomain

[ 2017-08-24T11:43:16+08:00 ] 127.0.0.1 /resource/images/8b119ffbe26741fa8e0ec02d4f97da8b_74.jpg
INFO: [ app_init ] --START--
INFO: Run Behavior\BuildLiteBehavior [ RunTime:0.000028s ]
INFO: [ app_init ] --END-- [ RunTime:0.001278s ]
ERR: 无法加载模块:Resource

[ 2017-08-24T11:43:16+08:00 ] 127.0.0.1 /Public/Home/css/img/common/fgdh.jpg
INFO: [ app_init ] --START--
INFO: Run Behavior\BuildLiteBehavior [ RunTime:0.000021s ]
INFO: [ app_init ] --END-- [ RunTime:0.000516s ]
ERR: 无法加载模块:Public

[ 2017-08-24T11:43:16+08:00 ] 127.0.0.1 /Public/Home/css/img/common/tel.jpg
INFO: [ app_init ] --START--
INFO: Run Behavior\BuildLiteBehavior [ RunTime:0.000017s ]
INFO: [ app_init ] --END-- [ RunTime:0.000507s ]
ERR: 无法加载模块:Public

[ 2017-08-24T11:43:16+08:00 ] 127.0.0.1 /Public/Home/css/images/VISkins-p4.png
INFO: [ app_init ] --START--
INFO: Run Behavior\BuildLiteBehavior [ RunTime:0.000015s ]
INFO: [ app_init ] --END-- [ RunTime:0.000365s ]
ERR: 无法加载模块:Public

[ 2017-08-24T11:43:16+08:00 ] 127.0.0.1 /Public/Home/css/images/VISkins-p4.png
INFO: [ app_init ] --START--
INFO: Run Behavior\BuildLiteBehavior [ RunTime:0.000025s ]
INFO: [ app_init ] --END-- [ RunTime:0.000771s ]
ERR: 无法加载模块:Public

[ 2017-08-24T11:43:16+08:00 ] 127.0.0.1 /Public/Homejs/public.js
INFO: [ app_init ] --START--
INFO: Run Behavior\BuildLiteBehavior [ RunTime:0.000028s ]
INFO: [ app_init ] --END-- [ RunTime:0.000614s ]
ERR: 无法加载模块:Public

[ 2017-08-24T11:43:16+08:00 ] 127.0.0.1 /Public/Home/css/img/index/tjs.jpg
INFO: [ app_init ] --START--
INFO: Run Behavior\BuildLiteBehavior [ RunTime:0.000028s ]
INFO: [ app_init ] --END-- [ RunTime:0.000548s ]
ERR: 无法加载模块:Public

[ 2017-08-24T11:43:16+08:00 ] 127.0.0.1 /Public/Home/css/images/fx.png
INFO: [ app_init ] --START--
INFO: Run Behavior\BuildLiteBehavior [ RunTime:0.000028s ]
INFO: [ app_init ] --END-- [ RunTime:0.001133s ]
ERR: 无法加载模块:Public

[ 2017-08-24T11:43:16+08:00 ] 127.0.0.1 /Public/Home/css/img/index/czs.jpg
INFO: [ app_init ] --START--
INFO: Run Behavior\BuildLiteBehavior [ RunTime:0.000025s ]
INFO: [ app_init ] --END-- [ RunTime:0.000560s ]
ERR: 无法加载模块:Public

[ 2017-08-24T14:01:38+08:00 ] 127.0.0.1 /resource/images/8b119ffbe26741fa8e0ec02d4f97da8b_74.jpg
INFO: [ app_init ] --START--
INFO: Run Behavior\BuildLiteBehavior [ RunTime:0.000040s ]
INFO: [ app_init ] --END-- [ RunTime:0.000821s ]
ERR: 无法加载模块:Resource

[ 2017-08-24T14:01:38+08:00 ] 127.0.0.1 /resource/images/b122fa90ecd441f19d8d3a4b24e80e03_41.jpg
INFO: [ app_init ] --START--
INFO: Run Behavior\BuildLiteBehavior [ RunTime:0.000025s ]
INFO: [ app_init ] --END-- [ RunTime:0.000555s ]
ERR: 无法加载模块:Resource

[ 2017-08-24T14:01:38+08:00 ] 127.0.0.1 /resource/images/b122fa90ecd441f19d8d3a4b24e80e03_3.jpg
INFO: [ app_init ] --START--
INFO: Run Behavior\BuildLiteBehavior [ RunTime:0.000023s ]
INFO: [ app_init ] --END-- [ RunTime:0.000683s ]
ERR: 无法加载模块:Resource

[ 2017-08-24T14:01:38+08:00 ] 127.0.0.1 /resource/images/b122fa90ecd441f19d8d3a4b24e80e03_23.jpg
INFO: [ app_init ] --START--
INFO: Run Behavior\BuildLiteBehavior [ RunTime:0.000026s ]
INFO: [ app_init ] --END-- [ RunTime:0.000951s ]
ERR: 无法加载模块:Resource

[ 2017-08-24T14:01:38+08:00 ] 127.0.0.1 /Public/Homejs/public.js
INFO: [ app_init ] --START--
INFO: Run Behavior\BuildLiteBehavior [ RunTime:0.000031s ]
INFO: [ app_init ] --END-- [ RunTime:0.000965s ]
ERR: 无法加载模块:Public

[ 2017-08-24T14:01:38+08:00 ] 127.0.0.1 /subDomain.js?_=1503554498275
INFO: [ app_init ] --START--
INFO: Run Behavior\BuildLiteBehavior [ RunTime:0.000023s ]
INFO: [ app_init ] --END-- [ RunTime:0.000563s ]
ERR: 无法加载模块:SubDomain

[ 2017-08-24T14:01:38+08:00 ] 127.0.0.1 /resource/images/8b119ffbe26741fa8e0ec02d4f97da8b_74.jpg
INFO: [ app_init ] --START--
INFO: Run Behavior\BuildLiteBehavior [ RunTime:0.000024s ]
INFO: [ app_init ] --END-- [ RunTime:0.000705s ]
ERR: 无法加载模块:Resource

[ 2017-08-24T14:01:38+08:00 ] 127.0.0.1 /resource/images/b122fa90ecd441f19d8d3a4b24e80e03_3.jpg
INFO: [ app_init ] --START--
INFO: Run Behavior\BuildLiteBehavior [ RunTime:0.000023s ]
INFO: [ app_init ] --END-- [ RunTime:0.000508s ]
ERR: 无法加载模块:Resource

[ 2017-08-24T14:01:38+08:00 ] 127.0.0.1 /resource/images/b122fa90ecd441f19d8d3a4b24e80e03_23.jpg
INFO: [ app_init ] --START--
INFO: Run Behavior\BuildLiteBehavior [ RunTime:0.000018s ]
INFO: [ app_init ] --END-- [ RunTime:0.000555s ]
ERR: 无法加载模块:Resource

[ 2017-08-24T14:01:38+08:00 ] 127.0.0.1 /resource/images/b122fa90ecd441f19d8d3a4b24e80e03_41.jpg
INFO: [ app_init ] --START--
INFO: Run Behavior\BuildLiteBehavior [ RunTime:0.000024s ]
INFO: [ app_init ] --END-- [ RunTime:0.000559s ]
ERR: 无法加载模块:Resource

[ 2017-08-24T14:01:38+08:00 ] 127.0.0.1 /Public/Home/css/img/common/tel.jpg
INFO: [ app_init ] --START--
INFO: Run Behavior\BuildLiteBehavior [ RunTime:0.000018s ]
INFO: [ app_init ] --END-- [ RunTime:0.000570s ]
ERR: 无法加载模块:Public

[ 2017-08-24T14:01:38+08:00 ] 127.0.0.1 /Public/Home/css/img/common/fgdh.jpg
INFO: [ app_init ] --START--
INFO: Run Behavior\BuildLiteBehavior [ RunTime:0.000032s ]
INFO: [ app_init ] --END-- [ RunTime:0.001219s ]
ERR: 无法加载模块:Public

[ 2017-08-24T14:01:38+08:00 ] 127.0.0.1 /Public/Home/css/images/VISkins-p4.png
INFO: [ app_init ] --START--
INFO: Run Behavior\BuildLiteBehavior [ RunTime:0.000016s ]
INFO: [ app_init ] --END-- [ RunTime:0.000417s ]
ERR: 无法加载模块:Public

[ 2017-08-24T14:01:38+08:00 ] 127.0.0.1 /Public/Homejs/public.js
INFO: [ app_init ] --START--
INFO: Run Behavior\BuildLiteBehavior [ RunTime:0.000031s ]
INFO: [ app_init ] --END-- [ RunTime:0.001058s ]
ERR: 无法加载模块:Public

[ 2017-08-24T14:01:38+08:00 ] 127.0.0.1 /Public/Home/css/img/index/czs.jpg
INFO: [ app_init ] --START--
INFO: Run Behavior\BuildLiteBehavior [ RunTime:0.000026s ]
INFO: [ app_init ] --END-- [ RunTime:0.004359s ]
ERR: 无法加载模块:Public

[ 2017-08-24T14:01:38+08:00 ] 127.0.0.1 /Public/Home/css/img/index/tjs.jpg
INFO: [ app_init ] --START--
INFO: Run Behavior\BuildLiteBehavior [ RunTime:0.000110s ]
INFO: [ app_init ] --END-- [ RunTime:0.000619s ]
ERR: 无法加载模块:Public

[ 2017-08-24T14:01:38+08:00 ] 127.0.0.1 /Public/Home/css/images/fx.png
INFO: [ app_init ] --START--
INFO: Run Behavior\BuildLiteBehavior [ RunTime:0.000018s ]
INFO: [ app_init ] --END-- [ RunTime:0.000579s ]
ERR: 无法加载模块:Public

[ 2017-08-24T14:01:40+08:00 ] 127.0.0.1 /resource/images/b122fa90ecd441f19d8d3a4b24e80e03_3.jpg
INFO: [ app_init ] --START--
INFO: Run Behavior\BuildLiteBehavior [ RunTime:0.000022s ]
INFO: [ app_init ] --END-- [ RunTime:0.000565s ]
ERR: 无法加载模块:Resource

[ 2017-08-24T14:01:40+08:00 ] 127.0.0.1 /resource/images/b122fa90ecd441f19d8d3a4b24e80e03_23.jpg
INFO: [ app_init ] --START--
INFO: Run Behavior\BuildLiteBehavior [ RunTime:0.000021s ]
INFO: [ app_init ] --END-- [ RunTime:0.000526s ]
ERR: 无法加载模块:Resource

[ 2017-08-24T14:01:40+08:00 ] 127.0.0.1 /resource/images/b122fa90ecd441f19d8d3a4b24e80e03_41.jpg
INFO: [ app_init ] --START--
INFO: Run Behavior\BuildLiteBehavior [ RunTime:0.000027s ]
INFO: [ app_init ] --END-- [ RunTime:0.000835s ]
ERR: 无法加载模块:Resource

[ 2017-08-24T14:01:40+08:00 ] 127.0.0.1 /Public/Homejs/public.js
INFO: [ app_init ] --START--
INFO: Run Behavior\BuildLiteBehavior [ RunTime:0.000015s ]
INFO: [ app_init ] --END-- [ RunTime:0.000368s ]
ERR: 无法加载模块:Public

[ 2017-08-24T14:01:41+08:00 ] 127.0.0.1 /resource/images/b122fa90ecd441f19d8d3a4b24e80e03_41.jpg
INFO: [ app_init ] --START--
INFO: Run Behavior\BuildLiteBehavior [ RunTime:0.000028s ]
INFO: [ app_init ] --END-- [ RunTime:0.000963s ]
ERR: 无法加载模块:Resource

[ 2017-08-24T14:01:41+08:00 ] 127.0.0.1 /resource/images/b122fa90ecd441f19d8d3a4b24e80e03_3.jpg
INFO: [ app_init ] --START--
INFO: Run Behavior\BuildLiteBehavior [ RunTime:0.000018s ]
INFO: [ app_init ] --END-- [ RunTime:0.000512s ]
ERR: 无法加载模块:Resource

[ 2017-08-24T14:01:41+08:00 ] 127.0.0.1 /subDomain.js?_=1503554501155
INFO: [ app_init ] --START--
INFO: Run Behavior\BuildLiteBehavior [ RunTime:0.000024s ]
INFO: [ app_init ] --END-- [ RunTime:0.000615s ]
ERR: 无法加载模块:SubDomain

[ 2017-08-24T14:01:41+08:00 ] 127.0.0.1 /resource/images/b122fa90ecd441f19d8d3a4b24e80e03_23.jpg
INFO: [ app_init ] --START--
INFO: Run Behavior\BuildLiteBehavior [ RunTime:0.000025s ]
INFO: [ app_init ] --END-- [ RunTime:0.000610s ]
ERR: 无法加载模块:Resource

[ 2017-08-24T14:01:41+08:00 ] 127.0.0.1 /Public/Home/css/img/common/headbge.jpg
INFO: [ app_init ] --START--
INFO: Run Behavior\BuildLiteBehavior [ RunTime:0.000018s ]
INFO: [ app_init ] --END-- [ RunTime:0.000501s ]
ERR: 无法加载模块:Public

[ 2017-08-24T14:01:41+08:00 ] 127.0.0.1 /Public/Homejs/public.js
INFO: [ app_init ] --START--
INFO: Run Behavior\BuildLiteBehavior [ RunTime:0.000026s ]
INFO: [ app_init ] --END-- [ RunTime:0.000580s ]
ERR: 无法加载模块:Public

[ 2017-08-24T14:01:41+08:00 ] 127.0.0.1 /Public/Home/css/img/common/tel.jpg
INFO: [ app_init ] --START--
INFO: Run Behavior\BuildLiteBehavior [ RunTime:0.000021s ]
INFO: [ app_init ] --END-- [ RunTime:0.000516s ]
ERR: 无法加载模块:Public

[ 2017-08-24T14:01:41+08:00 ] 127.0.0.1 /Public/Home/css/img/common/fgdh.jpg
INFO: [ app_init ] --START--
INFO: Run Behavior\BuildLiteBehavior [ RunTime:0.000056s ]
INFO: [ app_init ] --END-- [ RunTime:0.001191s ]
ERR: 无法加载模块:Public

[ 2017-08-24T14:01:41+08:00 ] 127.0.0.1 /Public/Home/css/images/VISkins-p4.png
INFO: [ app_init ] --START--
INFO: Run Behavior\BuildLiteBehavior [ RunTime:0.000016s ]
INFO: [ app_init ] --END-- [ RunTime:0.000503s ]
ERR: 无法加载模块:Public

[ 2017-08-24T14:01:41+08:00 ] 127.0.0.1 /Public/Home/css/images/fx.png
INFO: [ app_init ] --START--
INFO: Run Behavior\BuildLiteBehavior [ RunTime:0.000026s ]
INFO: [ app_init ] --END-- [ RunTime:0.000672s ]
ERR: 无法加载模块:Public

[ 2017-08-24T14:01:42+08:00 ] 127.0.0.1 /resource/images/b122fa90ecd441f19d8d3a4b24e80e03_41.jpg
INFO: [ app_init ] --START--
INFO: Run Behavior\BuildLiteBehavior [ RunTime:0.000022s ]
INFO: [ app_init ] --END-- [ RunTime:0.000523s ]
ERR: 无法加载模块:Resource

[ 2017-08-24T14:01:42+08:00 ] 127.0.0.1 /resource/images/8b119ffbe26741fa8e0ec02d4f97da8b_74.jpg
INFO: [ app_init ] --START--
INFO: Run Behavior\BuildLiteBehavior [ RunTime:0.000022s ]
INFO: [ app_init ] --END-- [ RunTime:0.000577s ]
ERR: 无法加载模块:Resource

[ 2017-08-24T14:01:42+08:00 ] 127.0.0.1 /resource/images/b122fa90ecd441f19d8d3a4b24e80e03_3.jpg
INFO: [ app_init ] --START--
INFO: Run Behavior\BuildLiteBehavior [ RunTime:0.000021s ]
INFO: [ app_init ] --END-- [ RunTime:0.000532s ]
ERR: 无法加载模块:Resource

[ 2017-08-24T14:01:42+08:00 ] 127.0.0.1 /resource/images/b122fa90ecd441f19d8d3a4b24e80e03_23.jpg
INFO: [ app_init ] --START--
INFO: Run Behavior\BuildLiteBehavior [ RunTime:0.000022s ]
INFO: [ app_init ] --END-- [ RunTime:0.000567s ]
ERR: 无法加载模块:Resource

[ 2017-08-24T14:01:42+08:00 ] 127.0.0.1 /Public/Homejs/public.js
INFO: [ app_init ] --START--
INFO: Run Behavior\BuildLiteBehavior [ RunTime:0.000022s ]
INFO: [ app_init ] --END-- [ RunTime:0.000550s ]
ERR: 无法加载模块:Public

[ 2017-08-24T14:01:42+08:00 ] 127.0.0.1 /subDomain.js?_=1503554502332
INFO: [ app_init ] --START--
INFO: Run Behavior\BuildLiteBehavior [ RunTime:0.000031s ]
INFO: [ app_init ] --END-- [ RunTime:0.007626s ]
ERR: 无法加载模块:SubDomain

[ 2017-08-24T14:01:42+08:00 ] 127.0.0.1 /resource/images/b122fa90ecd441f19d8d3a4b24e80e03_3.jpg
INFO: [ app_init ] --START--
INFO: Run Behavior\BuildLiteBehavior [ RunTime:0.000019s ]
INFO: [ app_init ] --END-- [ RunTime:0.000495s ]
ERR: 无法加载模块:Resource

[ 2017-08-24T14:01:42+08:00 ] 127.0.0.1 /resource/images/8b119ffbe26741fa8e0ec02d4f97da8b_74.jpg
INFO: [ app_init ] --START--
INFO: Run Behavior\BuildLiteBehavior [ RunTime:0.000022s ]
INFO: [ app_init ] --END-- [ RunTime:0.000570s ]
ERR: 无法加载模块:Resource

[ 2017-08-24T14:01:42+08:00 ] 127.0.0.1 /resource/images/b122fa90ecd441f19d8d3a4b24e80e03_41.jpg
INFO: [ app_init ] --START--
INFO: Run Behavior\BuildLiteBehavior [ RunTime:0.000020s ]
INFO: [ app_init ] --END-- [ RunTime:0.000545s ]
ERR: 无法加载模块:Resource

[ 2017-08-24T14:01:42+08:00 ] 127.0.0.1 /resource/images/b122fa90ecd441f19d8d3a4b24e80e03_23.jpg
INFO: [ app_init ] --START--
INFO: Run Behavior\BuildLiteBehavior [ RunTime:0.000026s ]
INFO: [ app_init ] --END-- [ RunTime:0.000568s ]
ERR: 无法加载模块:Resource

[ 2017-08-24T14:01:42+08:00 ] 127.0.0.1 /Public/Home/css/img/common/tel.jpg
INFO: [ app_init ] --START--
INFO: Run Behavior\BuildLiteBehavior [ RunTime:0.000041s ]
INFO: [ app_init ] --END-- [ RunTime:0.000755s ]
ERR: 无法加载模块:Public

[ 2017-08-24T14:01:42+08:00 ] 127.0.0.1 /Public/Home/css/img/common/fgdh.jpg
INFO: [ app_init ] --START--
INFO: Run Behavior\BuildLiteBehavior [ RunTime:0.000025s ]
INFO: [ app_init ] --END-- [ RunTime:0.000553s ]
ERR: 无法加载模块:Public

[ 2017-08-24T14:01:42+08:00 ] 127.0.0.1 /Public/Home/css/images/VISkins-p4.png
INFO: [ app_init ] --START--
INFO: Run Behavior\BuildLiteBehavior [ RunTime:0.000043s ]
INFO: [ app_init ] --END-- [ RunTime:0.000819s ]
ERR: 无法加载模块:Public

[ 2017-08-24T14:01:42+08:00 ] 127.0.0.1 /Public/Homejs/public.js
INFO: [ app_init ] --START--
INFO: Run Behavior\BuildLiteBehavior [ RunTime:0.000022s ]
INFO: [ app_init ] --END-- [ RunTime:0.000752s ]
ERR: 无法加载模块:Public

[ 2017-08-24T14:01:42+08:00 ] 127.0.0.1 /Public/Home/css/img/index/tjs.jpg
INFO: [ app_init ] --START--
INFO: Run Behavior\BuildLiteBehavior [ RunTime:0.000041s ]
INFO: [ app_init ] --END-- [ RunTime:0.000676s ]
ERR: 无法加载模块:Public

[ 2017-08-24T14:01:42+08:00 ] 127.0.0.1 /Public/Home/css/img/index/czs.jpg
INFO: [ app_init ] --START--
INFO: Run Behavior\BuildLiteBehavior [ RunTime:0.000028s ]
INFO: [ app_init ] --END-- [ RunTime:0.000627s ]
ERR: 无法加载模块:Public

[ 2017-08-24T14:01:42+08:00 ] 127.0.0.1 /Public/Home/css/images/fx.png
INFO: [ app_init ] --START--
INFO: Run Behavior\BuildLiteBehavior [ RunTime:0.000027s ]
INFO: [ app_init ] --END-- [ RunTime:0.000702s ]
ERR: 无法加载模块:Public

